{
  "stats": {
    "suites": 1,
    "tests": 6,
    "passes": 0,
    "pending": 0,
    "failures": 6,
    "start": "2022-04-28T09:36:11.946Z",
    "end": "2022-04-28T09:36:12.096Z",
    "duration": 150,
    "testsRegistered": 6,
    "passPercent": 0,
    "pendingPercent": 0,
    "other": 0,
    "hasOther": false,
    "skipped": 0,
    "hasSkipped": false
  },
  "results": [
    {
      "uuid": "2e21d156-b26a-4eaf-9159-4d43bc530927",
      "title": "",
      "fullFile": "C:\\Users\\sondn\\OneDrive\\Desktop\\DACNPM - BE - sondn\\backend\\dacnpm-nhom03-be\\test\\product.test.js",
      "file": "\\test\\product.test.js",
      "beforeHooks": [],
      "afterHooks": [],
      "tests": [],
      "suites": [
        {
          "uuid": "1ec704cf-2dcd-4d9a-87f0-473621b2dcdd",
          "title": "product route",
          "fullFile": "C:\\Users\\sondn\\OneDrive\\Desktop\\DACNPM - BE - sondn\\backend\\dacnpm-nhom03-be\\test\\product.test.js",
          "file": "\\test\\product.test.js",
          "beforeHooks": [
            {
              "title": "\"before all\" hook in \"product route\"",
              "fullTitle": "product route \"before all\" hook in \"product route\"",
              "timedOut": false,
              "duration": 0,
              "state": null,
              "speed": null,
              "pass": false,
              "fail": false,
              "pending": false,
              "context": null,
              "code": "done();",
              "err": {},
              "uuid": "7339f926-6a53-45d6-a1e9-edc19529ccd4",
              "parentUUID": "1ec704cf-2dcd-4d9a-87f0-473621b2dcdd",
              "isHook": true,
              "skipped": false
            }
          ],
          "afterHooks": [
            {
              "title": "\"after all\" hook in \"product route\"",
              "fullTitle": "product route \"after all\" hook in \"product route\"",
              "timedOut": false,
              "duration": 0,
              "state": null,
              "speed": null,
              "pass": false,
              "fail": false,
              "pending": false,
              "context": null,
              "code": "done();",
              "err": {},
              "uuid": "9a637fc1-293c-4fe9-9614-e9418d35c813",
              "parentUUID": "1ec704cf-2dcd-4d9a-87f0-473621b2dcdd",
              "isHook": true,
              "skipped": false
            }
          ],
          "tests": [
            {
              "title": "it should correct when get all product ",
              "fullTitle": "product route it should correct when get all product ",
              "timedOut": false,
              "duration": 27,
              "state": "failed",
              "speed": null,
              "pass": false,
              "fail": true,
              "pending": false,
              "context": null,
              "code": "chai\n  .request(app)\n  .get(\"/api/products\")\n  .end((err, res) => {\n    res.should.have.status(200);\n    res.body.should.be.a(\"object\");\n    res.body.should.have.property(\"totalCount\").eql(20);\n    done();\n  });",
              "err": {
                "message": "AssertionError: expected { Object (_events, _eventsCount, ...) } to have status code 200 but got 401",
                "estack": "AssertionError: expected { Object (_events, _eventsCount, ...) } to have status code 200 but got 401\n    at file:///C:/Users/sondn/OneDrive/Desktop/DACNPM%20-%20BE%20-%20sondn/backend/dacnpm-nhom03-be/test/product.test.js:18:25\n    at Test.Request.callback (node_modules\\superagent\\lib\\node\\index.js:716:12)\n    at IncomingMessage.<anonymous> (node_modules\\superagent\\lib\\node\\index.js:916:18)\n    at IncomingMessage.emit (node:events:402:35)\n    at endReadableNT (node:internal/streams/readable:1343:12)\n    at processTicksAndRejections (node:internal/process/task_queues:83:21)",
                "diff": "- 401\n+ 200\n"
              },
              "uuid": "457d1f43-6c60-4a68-8f52-c918283bbb95",
              "parentUUID": "1ec704cf-2dcd-4d9a-87f0-473621b2dcdd",
              "isHook": false,
              "skipped": false
            },
            {
              "title": "it should correct when get product by id",
              "fullTitle": "product route it should correct when get product by id",
              "timedOut": false,
              "duration": 9,
              "state": "failed",
              "speed": null,
              "pass": false,
              "fail": true,
              "pending": false,
              "context": null,
              "code": "chai\n  .request(app)\n  .get(\"/api/products/1\")\n  .end((err, res) => {\n    res.should.have.status(200);\n    res.body.should.be.a(\"object\");\n    res.body.should.have.property(\"data\").have.property(\"id\").eql(1);\n    done();\n  });",
              "err": {
                "message": "AssertionError: expected { Object (_events, _eventsCount, ...) } to have status code 200 but got 401",
                "estack": "AssertionError: expected { Object (_events, _eventsCount, ...) } to have status code 200 but got 401\n    at file:///C:/Users/sondn/OneDrive/Desktop/DACNPM%20-%20BE%20-%20sondn/backend/dacnpm-nhom03-be/test/product.test.js:29:25\n    at Test.Request.callback (node_modules\\superagent\\lib\\node\\index.js:716:12)\n    at IncomingMessage.<anonymous> (node_modules\\superagent\\lib\\node\\index.js:916:18)\n    at IncomingMessage.emit (node:events:402:35)\n    at endReadableNT (node:internal/streams/readable:1343:12)\n    at processTicksAndRejections (node:internal/process/task_queues:83:21)",
                "diff": "- 401\n+ 200\n"
              },
              "uuid": "324be17e-2ddf-4205-ab11-0dd3699e4f8c",
              "parentUUID": "1ec704cf-2dcd-4d9a-87f0-473621b2dcdd",
              "isHook": false,
              "skipped": false
            },
            {
              "title": "it should correct when insert product",
              "fullTitle": "product route it should correct when insert product",
              "timedOut": false,
              "duration": 18,
              "state": "failed",
              "speed": null,
              "pass": false,
              "fail": true,
              "pending": false,
              "context": null,
              "code": "chai\n  .request(app)\n  .post(\"/api/products\")\n  .send({\n    name: \"test\",\n    price: 100,\n  })\n  .end((err, res) => {\n    res.should.have.status(201);\n    res.body.should.be.a(\"object\");\n    res.body.should.have.property(\"data\").have.property(\"name\").eql(\"test\");\n    done();\n  });",
              "err": {
                "message": "AssertionError: expected { Object (_events, _eventsCount, ...) } to have status code 201 but got 401",
                "estack": "AssertionError: expected { Object (_events, _eventsCount, ...) } to have status code 201 but got 401\n    at file:///C:/Users/sondn/OneDrive/Desktop/DACNPM%20-%20BE%20-%20sondn/backend/dacnpm-nhom03-be/test/product.test.js:45:25\n    at Test.Request.callback (node_modules\\superagent\\lib\\node\\index.js:716:12)\n    at IncomingMessage.<anonymous> (node_modules\\superagent\\lib\\node\\index.js:916:18)\n    at IncomingMessage.emit (node:events:402:35)\n    at endReadableNT (node:internal/streams/readable:1343:12)\n    at processTicksAndRejections (node:internal/process/task_queues:83:21)",
                "diff": "- 401\n+ 201\n"
              },
              "uuid": "976993a7-04b3-4792-891d-cc8749f64832",
              "parentUUID": "1ec704cf-2dcd-4d9a-87f0-473621b2dcdd",
              "isHook": false,
              "skipped": false
            },
            {
              "title": "it should correct when update product",
              "fullTitle": "product route it should correct when update product",
              "timedOut": false,
              "duration": 9,
              "state": "failed",
              "speed": null,
              "pass": false,
              "fail": true,
              "pending": false,
              "context": null,
              "code": "chai\n  .request(app)\n  .put(\"/api/products/1\")\n  .send({\n    name: \"test\",\n    price: 100,\n  })\n  .end((err, res) => {\n    res.should.have.status(200);\n    res.body.should.be.a(\"object\");\n    res.body.should.have.property(\"data\").have.property(\"name\").eql(\"test\");\n    done();\n  });",
              "err": {
                "message": "AssertionError: expected { Object (_events, _eventsCount, ...) } to have status code 200 but got 401",
                "estack": "AssertionError: expected { Object (_events, _eventsCount, ...) } to have status code 200 but got 401\n    at file:///C:/Users/sondn/OneDrive/Desktop/DACNPM%20-%20BE%20-%20sondn/backend/dacnpm-nhom03-be/test/product.test.js:61:25\n    at Test.Request.callback (node_modules\\superagent\\lib\\node\\index.js:716:12)\n    at IncomingMessage.<anonymous> (node_modules\\superagent\\lib\\node\\index.js:916:18)\n    at IncomingMessage.emit (node:events:402:35)\n    at endReadableNT (node:internal/streams/readable:1343:12)\n    at processTicksAndRejections (node:internal/process/task_queues:83:21)",
                "diff": "- 401\n+ 200\n"
              },
              "uuid": "653a1653-2f8f-49db-a952-74da9be554b6",
              "parentUUID": "1ec704cf-2dcd-4d9a-87f0-473621b2dcdd",
              "isHook": false,
              "skipped": false
            },
            {
              "title": "it should correct when delete product",
              "fullTitle": "product route it should correct when delete product",
              "timedOut": false,
              "duration": 31,
              "state": "failed",
              "speed": null,
              "pass": false,
              "fail": true,
              "pending": false,
              "context": null,
              "code": "chai\n  .request(app)\n  .delete(\"/api/products/1\")\n  .end((err, res) => {\n    console.log(res.body);\n    res.should.have.status(200);\n    res.body.should.be.a(\"object\");\n    res.body.should.have.property(\"data\").eql(1);\n    done();\n  });",
              "err": {
                "message": "AssertionError: expected { Object (_events, _eventsCount, ...) } to have status code 200 but got 404",
                "estack": "AssertionError: expected { Object (_events, _eventsCount, ...) } to have status code 200 but got 404\n    at file:///C:/Users/sondn/OneDrive/Desktop/DACNPM%20-%20BE%20-%20sondn/backend/dacnpm-nhom03-be/test/product.test.js:74:25\n    at Test.Request.callback (node_modules\\superagent\\lib\\node\\index.js:716:12)\n    at IncomingMessage.<anonymous> (node_modules\\superagent\\lib\\node\\index.js:916:18)\n    at IncomingMessage.emit (node:events:402:35)\n    at endReadableNT (node:internal/streams/readable:1343:12)\n    at processTicksAndRejections (node:internal/process/task_queues:83:21)",
                "diff": "- 404\n+ 200\n"
              },
              "uuid": "ec269e52-44b5-4660-8898-3bc10dc18a5d",
              "parentUUID": "1ec704cf-2dcd-4d9a-87f0-473621b2dcdd",
              "isHook": false,
              "skipped": false
            },
            {
              "title": "it should correct when hard delete product",
              "fullTitle": "product route it should correct when hard delete product",
              "timedOut": false,
              "duration": 11,
              "state": "failed",
              "speed": null,
              "pass": false,
              "fail": true,
              "pending": false,
              "context": null,
              "code": "chai\n  .request(app)\n  .delete(\"/api/products/hard/1\")\n  .end((err, res) => {\n    console.log(res.body);\n    res.should.have.status(200);\n    res.body.should.be.a(\"object\");\n    res.body.should.have.property(\"data\").eql(1);\n    done();\n  });",
              "err": {
                "message": "AssertionError: expected { Object (_events, _eventsCount, ...) } to have status code 200 but got 404",
                "estack": "AssertionError: expected { Object (_events, _eventsCount, ...) } to have status code 200 but got 404\n    at file:///C:/Users/sondn/OneDrive/Desktop/DACNPM%20-%20BE%20-%20sondn/backend/dacnpm-nhom03-be/test/product.test.js:87:25\n    at Test.Request.callback (node_modules\\superagent\\lib\\node\\index.js:716:12)\n    at IncomingMessage.<anonymous> (node_modules\\superagent\\lib\\node\\index.js:916:18)\n    at IncomingMessage.emit (node:events:402:35)\n    at endReadableNT (node:internal/streams/readable:1343:12)\n    at processTicksAndRejections (node:internal/process/task_queues:83:21)",
                "diff": "- 404\n+ 200\n"
              },
              "uuid": "ad45b537-7246-4676-b7fc-3968d8055ba3",
              "parentUUID": "1ec704cf-2dcd-4d9a-87f0-473621b2dcdd",
              "isHook": false,
              "skipped": false
            }
          ],
          "suites": [],
          "passes": [],
          "failures": [
            "457d1f43-6c60-4a68-8f52-c918283bbb95",
            "324be17e-2ddf-4205-ab11-0dd3699e4f8c",
            "976993a7-04b3-4792-891d-cc8749f64832",
            "653a1653-2f8f-49db-a952-74da9be554b6",
            "ec269e52-44b5-4660-8898-3bc10dc18a5d",
            "ad45b537-7246-4676-b7fc-3968d8055ba3"
          ],
          "pending": [],
          "skipped": [],
          "duration": 105,
          "root": false,
          "rootEmpty": false,
          "_timeout": 10000
        }
      ],
      "passes": [],
      "failures": [],
      "pending": [],
      "skipped": [],
      "duration": 0,
      "root": true,
      "rootEmpty": true,
      "_timeout": 10000
    }
  ],
  "meta": {
    "mocha": {
      "version": "9.2.2"
    },
    "mochawesome": {
      "options": {
        "quiet": false,
        "reportFilename": "mochawesome",
        "saveHtml": true,
        "saveJson": true,
        "consoleReporter": "spec",
        "useInlineDiffs": false,
        "code": true
      },
      "version": "7.1.3"
    },
    "marge": {
      "options": {
        "autoOpen": "true"
      },
      "version": "6.2.0"
    }
  }
}