{
  "stats": {
    "suites": 1,
    "tests": 6,
    "passes": 0,
    "pending": 0,
    "failures": 6,
    "start": "2022-04-25T13:31:18.055Z",
    "end": "2022-04-25T13:31:18.217Z",
    "duration": 162,
    "testsRegistered": 6,
    "passPercent": 0,
    "pendingPercent": 0,
    "other": 0,
    "hasOther": false,
    "skipped": 0,
    "hasSkipped": false
  },
  "results": [
    {
      "uuid": "6385cfdd-1cf1-451b-9657-95ba018eed23",
      "title": "",
      "fullFile": "C:\\Users\\sondn\\OneDrive\\Desktop\\DACNPM - BE - sondn\\backend\\dacnpm-nhom03-be\\test\\product.test.js",
      "file": "\\test\\product.test.js",
      "beforeHooks": [],
      "afterHooks": [],
      "tests": [],
      "suites": [
        {
          "uuid": "e2786d07-7315-44d5-88ed-6019628c7262",
          "title": "product route",
          "fullFile": "C:\\Users\\sondn\\OneDrive\\Desktop\\DACNPM - BE - sondn\\backend\\dacnpm-nhom03-be\\test\\product.test.js",
          "file": "\\test\\product.test.js",
          "beforeHooks": [
            {
              "title": "\"before all\" hook in \"product route\"",
              "fullTitle": "product route \"before all\" hook in \"product route\"",
              "timedOut": false,
              "duration": 0,
              "state": null,
              "speed": null,
              "pass": false,
              "fail": false,
              "pending": false,
              "context": null,
              "code": "done();",
              "err": {},
              "uuid": "e5385588-dc61-416f-82de-a8985b2329c0",
              "parentUUID": "e2786d07-7315-44d5-88ed-6019628c7262",
              "isHook": true,
              "skipped": false
            }
          ],
          "afterHooks": [
            {
              "title": "\"after all\" hook in \"product route\"",
              "fullTitle": "product route \"after all\" hook in \"product route\"",
              "timedOut": false,
              "duration": 0,
              "state": null,
              "speed": null,
              "pass": false,
              "fail": false,
              "pending": false,
              "context": null,
              "code": "done();",
              "err": {},
              "uuid": "2cf2d09c-029c-4fa5-8359-059b6ef39480",
              "parentUUID": "e2786d07-7315-44d5-88ed-6019628c7262",
              "isHook": true,
              "skipped": false
            }
          ],
          "tests": [
            {
              "title": "it should correct when get all product ",
              "fullTitle": "product route it should correct when get all product ",
              "timedOut": false,
              "duration": 28,
              "state": "failed",
              "speed": null,
              "pass": false,
              "fail": true,
              "pending": false,
              "context": null,
              "code": "chai\n  .request(app)\n  .get(\"/api/products\")\n  .end((err, res) => {\n    res.should.have.status(200);\n    res.body.should.be.a(\"object\");\n    res.body.should.have.property(\"totalCount\").eql(20);\n    done();\n  });",
              "err": {
                "message": "AssertionError: expected { Object (_events, _eventsCount, ...) } to have status code 200 but got 401",
                "estack": "AssertionError: expected { Object (_events, _eventsCount, ...) } to have status code 200 but got 401\n    at file:///C:/Users/sondn/OneDrive/Desktop/DACNPM%20-%20BE%20-%20sondn/backend/dacnpm-nhom03-be/test/product.test.js:18:25\n    at Test.Request.callback (node_modules\\superagent\\lib\\node\\index.js:716:12)\n    at IncomingMessage.<anonymous> (node_modules\\superagent\\lib\\node\\index.js:916:18)\n    at IncomingMessage.emit (node:events:402:35)\n    at endReadableNT (node:internal/streams/readable:1343:12)\n    at processTicksAndRejections (node:internal/process/task_queues:83:21)",
                "diff": "- 401\n+ 200\n"
              },
              "uuid": "29e5d61b-7726-4fac-b819-fb0a72c7afc7",
              "parentUUID": "e2786d07-7315-44d5-88ed-6019628c7262",
              "isHook": false,
              "skipped": false
            },
            {
              "title": "it should correct when get product by id",
              "fullTitle": "product route it should correct when get product by id",
              "timedOut": false,
              "duration": 7,
              "state": "failed",
              "speed": null,
              "pass": false,
              "fail": true,
              "pending": false,
              "context": null,
              "code": "chai\n  .request(app)\n  .get(\"/api/products/1\")\n  .end((err, res) => {\n    res.should.have.status(200);\n    res.body.should.be.a(\"object\");\n    res.body.should.have.property(\"data\").have.property(\"id\").eql(1);\n    done();\n  });",
              "err": {
                "message": "AssertionError: expected { Object (_events, _eventsCount, ...) } to have status code 200 but got 401",
                "estack": "AssertionError: expected { Object (_events, _eventsCount, ...) } to have status code 200 but got 401\n    at file:///C:/Users/sondn/OneDrive/Desktop/DACNPM%20-%20BE%20-%20sondn/backend/dacnpm-nhom03-be/test/product.test.js:29:25\n    at Test.Request.callback (node_modules\\superagent\\lib\\node\\index.js:716:12)\n    at IncomingMessage.<anonymous> (node_modules\\superagent\\lib\\node\\index.js:916:18)\n    at IncomingMessage.emit (node:events:402:35)\n    at endReadableNT (node:internal/streams/readable:1343:12)\n    at processTicksAndRejections (node:internal/process/task_queues:83:21)",
                "diff": "- 401\n+ 200\n"
              },
              "uuid": "8046d41a-3399-454b-8b9f-781f01387dbe",
              "parentUUID": "e2786d07-7315-44d5-88ed-6019628c7262",
              "isHook": false,
              "skipped": false
            },
            {
              "title": "it should correct when insert product",
              "fullTitle": "product route it should correct when insert product",
              "timedOut": false,
              "duration": 27,
              "state": "failed",
              "speed": null,
              "pass": false,
              "fail": true,
              "pending": false,
              "context": null,
              "code": "chai\n  .request(app)\n  .post(\"/api/products\")\n  .send({\n    name: \"test\",\n    price: 100,\n  })\n  .end((err, res) => {\n    res.should.have.status(201);\n    res.body.should.be.a(\"object\");\n    res.body.should.have.property(\"data\").have.property(\"name\").eql(\"test\");\n    done();\n  });",
              "err": {
                "message": "AssertionError: expected { Object (_events, _eventsCount, ...) } to have status code 201 but got 401",
                "estack": "AssertionError: expected { Object (_events, _eventsCount, ...) } to have status code 201 but got 401\n    at file:///C:/Users/sondn/OneDrive/Desktop/DACNPM%20-%20BE%20-%20sondn/backend/dacnpm-nhom03-be/test/product.test.js:45:25\n    at Test.Request.callback (node_modules\\superagent\\lib\\node\\index.js:716:12)\n    at IncomingMessage.<anonymous> (node_modules\\superagent\\lib\\node\\index.js:916:18)\n    at IncomingMessage.emit (node:events:402:35)\n    at endReadableNT (node:internal/streams/readable:1343:12)\n    at processTicksAndRejections (node:internal/process/task_queues:83:21)",
                "diff": "- 401\n+ 201\n"
              },
              "uuid": "e0ef25cc-e995-4982-afad-cf842df09059",
              "parentUUID": "e2786d07-7315-44d5-88ed-6019628c7262",
              "isHook": false,
              "skipped": false
            },
            {
              "title": "it should correct when update product",
              "fullTitle": "product route it should correct when update product",
              "timedOut": false,
              "duration": 14,
              "state": "failed",
              "speed": null,
              "pass": false,
              "fail": true,
              "pending": false,
              "context": null,
              "code": "chai\n  .request(app)\n  .put(\"/api/products/1\")\n  .send({\n    name: \"test\",\n    price: 100,\n  })\n  .end((err, res) => {\n    res.should.have.status(200);\n    res.body.should.be.a(\"object\");\n    res.body.should.have.property(\"data\").have.property(\"name\").eql(\"test\");\n    done();\n  });",
              "err": {
                "message": "AssertionError: expected { Object (_events, _eventsCount, ...) } to have status code 200 but got 401",
                "estack": "AssertionError: expected { Object (_events, _eventsCount, ...) } to have status code 200 but got 401\n    at file:///C:/Users/sondn/OneDrive/Desktop/DACNPM%20-%20BE%20-%20sondn/backend/dacnpm-nhom03-be/test/product.test.js:61:25\n    at Test.Request.callback (node_modules\\superagent\\lib\\node\\index.js:716:12)\n    at IncomingMessage.<anonymous> (node_modules\\superagent\\lib\\node\\index.js:916:18)\n    at IncomingMessage.emit (node:events:402:35)\n    at endReadableNT (node:internal/streams/readable:1343:12)\n    at processTicksAndRejections (node:internal/process/task_queues:83:21)",
                "diff": "- 401\n+ 200\n"
              },
              "uuid": "619a09d7-9432-4afc-938b-31a8898c581a",
              "parentUUID": "e2786d07-7315-44d5-88ed-6019628c7262",
              "isHook": false,
              "skipped": false
            },
            {
              "title": "it should correct when delete product",
              "fullTitle": "product route it should correct when delete product",
              "timedOut": false,
              "duration": 27,
              "state": "failed",
              "speed": null,
              "pass": false,
              "fail": true,
              "pending": false,
              "context": null,
              "code": "chai\n  .request(app)\n  .delete(\"/api/products/1\")\n  .end((err, res) => {\n    console.log(res.body);\n    res.should.have.status(200);\n    res.body.should.be.a(\"object\");\n    res.body.should.have.property(\"data\").eql(1);\n    done();\n  });",
              "err": {
                "message": "AssertionError: expected { Object (_events, _eventsCount, ...) } to have status code 200 but got 404",
                "estack": "AssertionError: expected { Object (_events, _eventsCount, ...) } to have status code 200 but got 404\n    at file:///C:/Users/sondn/OneDrive/Desktop/DACNPM%20-%20BE%20-%20sondn/backend/dacnpm-nhom03-be/test/product.test.js:74:25\n    at Test.Request.callback (node_modules\\superagent\\lib\\node\\index.js:716:12)\n    at IncomingMessage.<anonymous> (node_modules\\superagent\\lib\\node\\index.js:916:18)\n    at IncomingMessage.emit (node:events:402:35)\n    at endReadableNT (node:internal/streams/readable:1343:12)\n    at processTicksAndRejections (node:internal/process/task_queues:83:21)",
                "diff": "- 404\n+ 200\n"
              },
              "uuid": "73125be0-00f7-4fe2-b823-c3117f30b9d3",
              "parentUUID": "e2786d07-7315-44d5-88ed-6019628c7262",
              "isHook": false,
              "skipped": false
            },
            {
              "title": "it should correct when hard delete product",
              "fullTitle": "product route it should correct when hard delete product",
              "timedOut": false,
              "duration": 14,
              "state": "failed",
              "speed": null,
              "pass": false,
              "fail": true,
              "pending": false,
              "context": null,
              "code": "chai\n  .request(app)\n  .delete(\"/api/products/hard/1\")\n  .end((err, res) => {\n    console.log(res.body);\n    res.should.have.status(200);\n    res.body.should.be.a(\"object\");\n    res.body.should.have.property(\"data\").eql(1);\n    done();\n  });",
              "err": {
                "message": "AssertionError: expected { Object (_events, _eventsCount, ...) } to have status code 200 but got 404",
                "estack": "AssertionError: expected { Object (_events, _eventsCount, ...) } to have status code 200 but got 404\n    at file:///C:/Users/sondn/OneDrive/Desktop/DACNPM%20-%20BE%20-%20sondn/backend/dacnpm-nhom03-be/test/product.test.js:87:25\n    at Test.Request.callback (node_modules\\superagent\\lib\\node\\index.js:716:12)\n    at IncomingMessage.<anonymous> (node_modules\\superagent\\lib\\node\\index.js:916:18)\n    at IncomingMessage.emit (node:events:402:35)\n    at endReadableNT (node:internal/streams/readable:1343:12)\n    at processTicksAndRejections (node:internal/process/task_queues:83:21)",
                "diff": "- 404\n+ 200\n"
              },
              "uuid": "3eeaadcc-53f9-4ce2-b1a7-29a51ce9fc41",
              "parentUUID": "e2786d07-7315-44d5-88ed-6019628c7262",
              "isHook": false,
              "skipped": false
            }
          ],
          "suites": [],
          "passes": [],
          "failures": [
            "29e5d61b-7726-4fac-b819-fb0a72c7afc7",
            "8046d41a-3399-454b-8b9f-781f01387dbe",
            "e0ef25cc-e995-4982-afad-cf842df09059",
            "619a09d7-9432-4afc-938b-31a8898c581a",
            "73125be0-00f7-4fe2-b823-c3117f30b9d3",
            "3eeaadcc-53f9-4ce2-b1a7-29a51ce9fc41"
          ],
          "pending": [],
          "skipped": [],
          "duration": 117,
          "root": false,
          "rootEmpty": false,
          "_timeout": 10000
        }
      ],
      "passes": [],
      "failures": [],
      "pending": [],
      "skipped": [],
      "duration": 0,
      "root": true,
      "rootEmpty": true,
      "_timeout": 10000
    }
  ],
  "meta": {
    "mocha": {
      "version": "9.2.2"
    },
    "mochawesome": {
      "options": {
        "quiet": false,
        "reportFilename": "mochawesome",
        "saveHtml": true,
        "saveJson": true,
        "consoleReporter": "spec",
        "useInlineDiffs": false,
        "code": true
      },
      "version": "7.1.3"
    },
    "marge": {
      "options": {
        "autoOpen": "true"
      },
      "version": "6.2.0"
    }
  }
}